Analysis & Synthesis report for CPUv2
Thu Jun 04 18:00:37 2020
Quartus Prime Version 18.1.0 Build 625 09/12/2018 SJ Lite Edition


---------------------
; Table of Contents ;
---------------------
  1. Legal Notice
  2. Analysis & Synthesis Summary
  3. Analysis & Synthesis Settings
  4. Parallel Compilation
  5. Analysis & Synthesis Source Files Read
  6. Analysis & Synthesis Resource Usage Summary
  7. Analysis & Synthesis Resource Utilization by Entity
  8. Analysis & Synthesis RAM Summary
  9. Analysis & Synthesis IP Cores Summary
 10. General Register Statistics
 11. Inverted Register Statistics
 12. Multiplexer Restructuring Statistics (Restructuring Performed)
 13. Source assignments for if_id:inst_if_id|AddrMem:inst_AddrMem|altsyncram:altsyncram_component|altsyncram_omd1:auto_generated|altsyncram_4bf2:altsyncram1
 14. Parameter Settings for User Entity Instance: if_id:inst_if_id|AddrMem:inst_AddrMem|altsyncram:altsyncram_component
 15. altsyncram Parameter Settings by Entity Instance
 16. Port Connectivity Checks: "if_id:inst_if_id|AddrMem:inst_AddrMem"
 17. In-System Memory Content Editor Settings
 18. Post-Synthesis Netlist Statistics for Top Partition
 19. Elapsed Time Per Partition
 20. Analysis & Synthesis Messages



----------------
; Legal Notice ;
----------------
Copyright (C) 2018  Intel Corporation. All rights reserved.
Your use of Intel Corporation's design tools, logic functions 
and other software and tools, and its AMPP partner logic 
functions, and any output files from any of the foregoing 
(including device programming or simulation files), and any 
associated documentation or information are expressly subject 
to the terms and conditions of the Intel Program License 
Subscription Agreement, the Intel Quartus Prime License Agreement,
the Intel FPGA IP License Agreement, or other applicable license
agreement, including, without limitation, that your use is for
the sole purpose of programming logic devices manufactured by
Intel and sold by Intel or its authorized distributors.  Please
refer to the applicable agreement for further details.



+----------------------------------------------------------------------------------+
; Analysis & Synthesis Summary                                                     ;
+------------------------------------+---------------------------------------------+
; Analysis & Synthesis Status        ; Successful - Thu Jun 04 18:00:37 2020       ;
; Quartus Prime Version              ; 18.1.0 Build 625 09/12/2018 SJ Lite Edition ;
; Revision Name                      ; CPUv2                                       ;
; Top-level Entity Name              ; CPUv2                                       ;
; Family                             ; Cyclone IV E                                ;
; Total logic elements               ; 336                                         ;
;     Total combinational functions  ; 272                                         ;
;     Dedicated logic registers      ; 187                                         ;
; Total registers                    ; 187                                         ;
; Total pins                         ; 0                                           ;
; Total virtual pins                 ; 98                                          ;
; Total memory bits                  ; 131,072                                     ;
; Embedded Multiplier 9-bit elements ; 0                                           ;
; Total PLLs                         ; 0                                           ;
+------------------------------------+---------------------------------------------+


+------------------------------------------------------------------------------------------------------------+
; Analysis & Synthesis Settings                                                                              ;
+------------------------------------------------------------------+--------------------+--------------------+
; Option                                                           ; Setting            ; Default Value      ;
+------------------------------------------------------------------+--------------------+--------------------+
; Device                                                           ; EP4CE6E22C8        ;                    ;
; Top-level entity name                                            ; CPUv2              ; CPUv2              ;
; Family name                                                      ; Cyclone IV E       ; Cyclone V          ;
; Use smart compilation                                            ; Off                ; Off                ;
; Enable parallel Assembler and Timing Analyzer during compilation ; On                 ; On                 ;
; Enable compact report table                                      ; Off                ; Off                ;
; Restructure Multiplexers                                         ; Auto               ; Auto               ;
; Create Debugging Nodes for IP Cores                              ; Off                ; Off                ;
; Preserve fewer node names                                        ; On                 ; On                 ;
; Intel FPGA IP Evaluation Mode                                    ; Enable             ; Enable             ;
; Verilog Version                                                  ; Verilog_2001       ; Verilog_2001       ;
; VHDL Version                                                     ; VHDL_1993          ; VHDL_1993          ;
; State Machine Processing                                         ; Auto               ; Auto               ;
; Safe State Machine                                               ; Off                ; Off                ;
; Extract Verilog State Machines                                   ; On                 ; On                 ;
; Extract VHDL State Machines                                      ; On                 ; On                 ;
; Ignore Verilog initial constructs                                ; Off                ; Off                ;
; Iteration limit for constant Verilog loops                       ; 5000               ; 5000               ;
; Iteration limit for non-constant Verilog loops                   ; 250                ; 250                ;
; Add Pass-Through Logic to Inferred RAMs                          ; On                 ; On                 ;
; Infer RAMs from Raw Logic                                        ; On                 ; On                 ;
; Parallel Synthesis                                               ; On                 ; On                 ;
; DSP Block Balancing                                              ; Auto               ; Auto               ;
; NOT Gate Push-Back                                               ; On                 ; On                 ;
; Power-Up Don't Care                                              ; On                 ; On                 ;
; Remove Redundant Logic Cells                                     ; Off                ; Off                ;
; Remove Duplicate Registers                                       ; On                 ; On                 ;
; Ignore CARRY Buffers                                             ; Off                ; Off                ;
; Ignore CASCADE Buffers                                           ; Off                ; Off                ;
; Ignore GLOBAL Buffers                                            ; Off                ; Off                ;
; Ignore ROW GLOBAL Buffers                                        ; Off                ; Off                ;
; Ignore LCELL Buffers                                             ; Off                ; Off                ;
; Ignore SOFT Buffers                                              ; On                 ; On                 ;
; Limit AHDL Integers to 32 Bits                                   ; Off                ; Off                ;
; Optimization Technique                                           ; Balanced           ; Balanced           ;
; Carry Chain Length                                               ; 70                 ; 70                 ;
; Auto Carry Chains                                                ; On                 ; On                 ;
; Auto Open-Drain Pins                                             ; On                 ; On                 ;
; Perform WYSIWYG Primitive Resynthesis                            ; Off                ; Off                ;
; Auto ROM Replacement                                             ; On                 ; On                 ;
; Auto RAM Replacement                                             ; On                 ; On                 ;
; Auto DSP Block Replacement                                       ; On                 ; On                 ;
; Auto Shift Register Replacement                                  ; Auto               ; Auto               ;
; Allow Shift Register Merging across Hierarchies                  ; Auto               ; Auto               ;
; Auto Clock Enable Replacement                                    ; On                 ; On                 ;
; Strict RAM Replacement                                           ; Off                ; Off                ;
; Allow Synchronous Control Signals                                ; On                 ; On                 ;
; Force Use of Synchronous Clear Signals                           ; Off                ; Off                ;
; Auto RAM Block Balancing                                         ; On                 ; On                 ;
; Auto RAM to Logic Cell Conversion                                ; Off                ; Off                ;
; Auto Resource Sharing                                            ; Off                ; Off                ;
; Allow Any RAM Size For Recognition                               ; Off                ; Off                ;
; Allow Any ROM Size For Recognition                               ; Off                ; Off                ;
; Allow Any Shift Register Size For Recognition                    ; Off                ; Off                ;
; Use LogicLock Constraints during Resource Balancing              ; On                 ; On                 ;
; Ignore translate_off and synthesis_off directives                ; Off                ; Off                ;
; Timing-Driven Synthesis                                          ; On                 ; On                 ;
; Report Parameter Settings                                        ; On                 ; On                 ;
; Report Source Assignments                                        ; On                 ; On                 ;
; Report Connectivity Checks                                       ; On                 ; On                 ;
; Ignore Maximum Fan-Out Assignments                               ; Off                ; Off                ;
; Synchronization Register Chain Length                            ; 2                  ; 2                  ;
; Power Optimization During Synthesis                              ; Normal compilation ; Normal compilation ;
; HDL message level                                                ; Level2             ; Level2             ;
; Suppress Register Optimization Related Messages                  ; Off                ; Off                ;
; Number of Removed Registers Reported in Synthesis Report         ; 5000               ; 5000               ;
; Number of Swept Nodes Reported in Synthesis Report               ; 5000               ; 5000               ;
; Number of Inverted Registers Reported in Synthesis Report        ; 100                ; 100                ;
; Clock MUX Protection                                             ; On                 ; On                 ;
; Auto Gated Clock Conversion                                      ; Off                ; Off                ;
; Block Design Naming                                              ; Auto               ; Auto               ;
; SDC constraint protection                                        ; Off                ; Off                ;
; Synthesis Effort                                                 ; Auto               ; Auto               ;
; Shift Register Replacement - Allow Asynchronous Clear Signal     ; On                 ; On                 ;
; Pre-Mapping Resynthesis Optimization                             ; Off                ; Off                ;
; Analysis & Synthesis Message Level                               ; Medium             ; Medium             ;
; Disable Register Merging Across Hierarchies                      ; Auto               ; Auto               ;
; Resource Aware Inference For Block RAM                           ; On                 ; On                 ;
+------------------------------------------------------------------+--------------------+--------------------+


+------------------------------------------+
; Parallel Compilation                     ;
+----------------------------+-------------+
; Processors                 ; Number      ;
+----------------------------+-------------+
; Number detected on machine ; 4           ;
; Maximum allowed            ; 2           ;
;                            ;             ;
; Average used               ; 1.00        ;
; Maximum used               ; 2           ;
;                            ;             ;
; Usage by Processor         ; % Time Used ;
;     Processor 1            ; 100.0%      ;
;     Processor 2            ;   0.0%      ;
+----------------------------+-------------+


+-----------------------------------------------------------------------------------------------------------------------------------------------------------------------------------------------------------------------------------------------+
; Analysis & Synthesis Source Files Read                                                                                                                                                                                                        ;
+--------------------------------------------------------------------+-----------------+----------------------------------------------+-------------------------------------------------------------------------------------------+-------------+
; File Name with User-Entered Path                                   ; Used in Netlist ; File Type                                    ; File Name with Absolute Path                                                              ; Library     ;
+--------------------------------------------------------------------+-----------------+----------------------------------------------+-------------------------------------------------------------------------------------------+-------------+
; files/if_id.v                                                      ; yes             ; User Verilog HDL File                        ; E:/Coding/CPU/MIPS32v2/files/if_id.v                                                      ;             ;
; files/AddrMem.v                                                    ; yes             ; User Wizard-Generated File                   ; E:/Coding/CPU/MIPS32v2/files/AddrMem.v                                                    ;             ;
; cpuv2.v                                                            ; yes             ; Auto-Found Verilog HDL File                  ; E:/Coding/CPU/MIPS32v2/cpuv2.v                                                            ;             ;
; altsyncram.tdf                                                     ; yes             ; Megafunction                                 ; f:/intelfpga_lite/18.1/quartus/libraries/megafunctions/altsyncram.tdf                     ;             ;
; stratix_ram_block.inc                                              ; yes             ; Megafunction                                 ; f:/intelfpga_lite/18.1/quartus/libraries/megafunctions/stratix_ram_block.inc              ;             ;
; lpm_mux.inc                                                        ; yes             ; Megafunction                                 ; f:/intelfpga_lite/18.1/quartus/libraries/megafunctions/lpm_mux.inc                        ;             ;
; lpm_decode.inc                                                     ; yes             ; Megafunction                                 ; f:/intelfpga_lite/18.1/quartus/libraries/megafunctions/lpm_decode.inc                     ;             ;
; aglobal181.inc                                                     ; yes             ; Megafunction                                 ; f:/intelfpga_lite/18.1/quartus/libraries/megafunctions/aglobal181.inc                     ;             ;
; a_rdenreg.inc                                                      ; yes             ; Megafunction                                 ; f:/intelfpga_lite/18.1/quartus/libraries/megafunctions/a_rdenreg.inc                      ;             ;
; altrom.inc                                                         ; yes             ; Megafunction                                 ; f:/intelfpga_lite/18.1/quartus/libraries/megafunctions/altrom.inc                         ;             ;
; altram.inc                                                         ; yes             ; Megafunction                                 ; f:/intelfpga_lite/18.1/quartus/libraries/megafunctions/altram.inc                         ;             ;
; altdpram.inc                                                       ; yes             ; Megafunction                                 ; f:/intelfpga_lite/18.1/quartus/libraries/megafunctions/altdpram.inc                       ;             ;
; db/altsyncram_omd1.tdf                                             ; yes             ; Auto-Generated Megafunction                  ; E:/Coding/CPU/MIPS32v2/db/altsyncram_omd1.tdf                                             ;             ;
; db/altsyncram_4bf2.tdf                                             ; yes             ; Auto-Generated Megafunction                  ; E:/Coding/CPU/MIPS32v2/db/altsyncram_4bf2.tdf                                             ;             ;
; files/test.mif                                                     ; yes             ; Auto-Found Memory Initialization File        ; E:/Coding/CPU/MIPS32v2/files/test.mif                                                     ;             ;
; sld_mod_ram_rom.vhd                                                ; yes             ; Encrypted Megafunction                       ; f:/intelfpga_lite/18.1/quartus/libraries/megafunctions/sld_mod_ram_rom.vhd                ;             ;
; sld_jtag_endpoint_adapter.vhd                                      ; yes             ; Encrypted Megafunction                       ; f:/intelfpga_lite/18.1/quartus/libraries/megafunctions/sld_jtag_endpoint_adapter.vhd      ;             ;
; sld_jtag_endpoint_adapter_impl.sv                                  ; yes             ; Encrypted Megafunction                       ; f:/intelfpga_lite/18.1/quartus/libraries/megafunctions/sld_jtag_endpoint_adapter_impl.sv  ;             ;
; sld_rom_sr.vhd                                                     ; yes             ; Encrypted Megafunction                       ; f:/intelfpga_lite/18.1/quartus/libraries/megafunctions/sld_rom_sr.vhd                     ;             ;
; sld_hub.vhd                                                        ; yes             ; Encrypted Megafunction                       ; f:/intelfpga_lite/18.1/quartus/libraries/megafunctions/sld_hub.vhd                        ; altera_sld  ;
; db/ip/sld5b00757e/alt_sld_fab.v                                    ; yes             ; Encrypted Auto-Found Verilog HDL File        ; E:/Coding/CPU/MIPS32v2/db/ip/sld5b00757e/alt_sld_fab.v                                    ; alt_sld_fab ;
; db/ip/sld5b00757e/submodules/alt_sld_fab_alt_sld_fab.v             ; yes             ; Encrypted Auto-Found Verilog HDL File        ; E:/Coding/CPU/MIPS32v2/db/ip/sld5b00757e/submodules/alt_sld_fab_alt_sld_fab.v             ; alt_sld_fab ;
; db/ip/sld5b00757e/submodules/alt_sld_fab_alt_sld_fab_ident.sv      ; yes             ; Auto-Found SystemVerilog HDL File            ; E:/Coding/CPU/MIPS32v2/db/ip/sld5b00757e/submodules/alt_sld_fab_alt_sld_fab_ident.sv      ; alt_sld_fab ;
; db/ip/sld5b00757e/submodules/alt_sld_fab_alt_sld_fab_presplit.sv   ; yes             ; Encrypted Auto-Found SystemVerilog HDL File  ; E:/Coding/CPU/MIPS32v2/db/ip/sld5b00757e/submodules/alt_sld_fab_alt_sld_fab_presplit.sv   ; alt_sld_fab ;
; db/ip/sld5b00757e/submodules/alt_sld_fab_alt_sld_fab_sldfabric.vhd ; yes             ; Encrypted Auto-Found VHDL File               ; E:/Coding/CPU/MIPS32v2/db/ip/sld5b00757e/submodules/alt_sld_fab_alt_sld_fab_sldfabric.vhd ; alt_sld_fab ;
; db/ip/sld5b00757e/submodules/alt_sld_fab_alt_sld_fab_splitter.sv   ; yes             ; Encrypted Auto-Found SystemVerilog HDL File  ; E:/Coding/CPU/MIPS32v2/db/ip/sld5b00757e/submodules/alt_sld_fab_alt_sld_fab_splitter.sv   ; alt_sld_fab ;
; sld_jtag_hub.vhd                                                   ; yes             ; Encrypted Megafunction                       ; f:/intelfpga_lite/18.1/quartus/libraries/megafunctions/sld_jtag_hub.vhd                   ;             ;
+--------------------------------------------------------------------+-----------------+----------------------------------------------+-------------------------------------------------------------------------------------------+-------------+


+------------------------------------------------------------------------+
; Analysis & Synthesis Resource Usage Summary                            ;
+---------------------------------------------+--------------------------+
; Resource                                    ; Usage                    ;
+---------------------------------------------+--------------------------+
; Estimated Total logic elements              ; 336                      ;
;                                             ;                          ;
; Total combinational functions               ; 272                      ;
; Logic element usage by number of LUT inputs ;                          ;
;     -- 4 input functions                    ; 104                      ;
;     -- 3 input functions                    ; 74                       ;
;     -- <=2 input functions                  ; 94                       ;
;                                             ;                          ;
; Logic elements by mode                      ;                          ;
;     -- normal mode                          ; 216                      ;
;     -- arithmetic mode                      ; 56                       ;
;                                             ;                          ;
; Total registers                             ; 187                      ;
;     -- Dedicated logic registers            ; 187                      ;
;     -- I/O registers                        ; 0                        ;
;                                             ;                          ;
; Virtual pins                                ; 98                       ;
; I/O pins                                    ; 0                        ;
; Total memory bits                           ; 131072                   ;
;                                             ;                          ;
; Embedded Multiplier 9-bit elements          ; 0                        ;
;                                             ;                          ;
; Maximum fan-out node                        ; altera_internal_jtag~TDO ;
; Maximum fan-out                             ; 211                      ;
; Total fan-out                               ; 2412                     ;
; Average fan-out                             ; 4.03                     ;
+---------------------------------------------+--------------------------+


+---------------------------------------------------------------------------------------------------------------------------------------------------------------------------------------------------------------------------------------------------------------------------------------------------------------------------------------------------------------------------------------------------------------------------------------------------------------------------------------------------------------------------------------------------------------------------------------------------------------------------------------------------------------------------+
; Analysis & Synthesis Resource Utilization by Entity                                                                                                                                                                                                                                                                                                                                                                                                                                                                                                                                                                                                                       ;
+-----------------------------------------------------------------------------------------------------------------------------------------+---------------------+---------------------------+-------------+--------------+---------+-----------+------+--------------+---------------------------------------------------------------------------------------------------------------------------------------------------------------------------------------------------------------------------------------------------------------------------------------------------------------------------------------------------+-----------------------------------+--------------+
; Compilation Hierarchy Node                                                                                                              ; Combinational ALUTs ; Dedicated Logic Registers ; Memory Bits ; DSP Elements ; DSP 9x9 ; DSP 18x18 ; Pins ; Virtual Pins ; Full Hierarchy Name                                                                                                                                                                                                                                                                                                                               ; Entity Name                       ; Library Name ;
+-----------------------------------------------------------------------------------------------------------------------------------------+---------------------+---------------------------+-------------+--------------+---------+-----------+------+--------------+---------------------------------------------------------------------------------------------------------------------------------------------------------------------------------------------------------------------------------------------------------------------------------------------------------------------------------------------------+-----------------------------------+--------------+
; |CPUv2                                                                                                                                  ; 272 (1)             ; 187 (0)                   ; 131072      ; 0            ; 0       ; 0         ; 0    ; 98           ; |CPUv2                                                                                                                                                                                                                                                                                                                                            ; CPUv2                             ; work         ;
;    |if_id:inst_if_id|                                                                                                                   ; 149 (51)            ; 100 (32)                  ; 131072      ; 0            ; 0       ; 0         ; 0    ; 0            ; |CPUv2|if_id:inst_if_id                                                                                                                                                                                                                                                                                                                           ; if_id                             ; work         ;
;       |AddrMem:inst_AddrMem|                                                                                                            ; 98 (0)              ; 68 (0)                    ; 131072      ; 0            ; 0       ; 0         ; 0    ; 0            ; |CPUv2|if_id:inst_if_id|AddrMem:inst_AddrMem                                                                                                                                                                                                                                                                                                      ; AddrMem                           ; work         ;
;          |altsyncram:altsyncram_component|                                                                                              ; 98 (0)              ; 68 (0)                    ; 131072      ; 0            ; 0       ; 0         ; 0    ; 0            ; |CPUv2|if_id:inst_if_id|AddrMem:inst_AddrMem|altsyncram:altsyncram_component                                                                                                                                                                                                                                                                      ; altsyncram                        ; work         ;
;             |altsyncram_omd1:auto_generated|                                                                                            ; 98 (0)              ; 68 (0)                    ; 131072      ; 0            ; 0       ; 0         ; 0    ; 0            ; |CPUv2|if_id:inst_if_id|AddrMem:inst_AddrMem|altsyncram:altsyncram_component|altsyncram_omd1:auto_generated                                                                                                                                                                                                                                       ; altsyncram_omd1                   ; work         ;
;                |altsyncram_4bf2:altsyncram1|                                                                                            ; 0 (0)               ; 0 (0)                     ; 131072      ; 0            ; 0       ; 0         ; 0    ; 0            ; |CPUv2|if_id:inst_if_id|AddrMem:inst_AddrMem|altsyncram:altsyncram_component|altsyncram_omd1:auto_generated|altsyncram_4bf2:altsyncram1                                                                                                                                                                                                           ; altsyncram_4bf2                   ; work         ;
;                |sld_mod_ram_rom:mgl_prim2|                                                                                              ; 98 (74)             ; 68 (59)                   ; 0           ; 0            ; 0       ; 0         ; 0    ; 0            ; |CPUv2|if_id:inst_if_id|AddrMem:inst_AddrMem|altsyncram:altsyncram_component|altsyncram_omd1:auto_generated|sld_mod_ram_rom:mgl_prim2                                                                                                                                                                                                             ; sld_mod_ram_rom                   ; work         ;
;                   |sld_rom_sr:\ram_rom_logic_gen:name_gen:info_rom_sr|                                                                  ; 24 (24)             ; 9 (9)                     ; 0           ; 0            ; 0       ; 0         ; 0    ; 0            ; |CPUv2|if_id:inst_if_id|AddrMem:inst_AddrMem|altsyncram:altsyncram_component|altsyncram_omd1:auto_generated|sld_mod_ram_rom:mgl_prim2|sld_rom_sr:\ram_rom_logic_gen:name_gen:info_rom_sr                                                                                                                                                          ; sld_rom_sr                        ; work         ;
;    |sld_hub:auto_hub|                                                                                                                   ; 122 (1)             ; 87 (0)                    ; 0           ; 0            ; 0       ; 0         ; 0    ; 0            ; |CPUv2|sld_hub:auto_hub                                                                                                                                                                                                                                                                                                                           ; sld_hub                           ; altera_sld   ;
;       |alt_sld_fab_with_jtag_input:\instrumentation_fabric_with_node_gen:fabric_gen_new_way:with_jtag_input_gen:instrumentation_fabric| ; 121 (0)             ; 87 (0)                    ; 0           ; 0            ; 0       ; 0         ; 0    ; 0            ; |CPUv2|sld_hub:auto_hub|alt_sld_fab_with_jtag_input:\instrumentation_fabric_with_node_gen:fabric_gen_new_way:with_jtag_input_gen:instrumentation_fabric                                                                                                                                                                                           ; alt_sld_fab_with_jtag_input       ; altera_sld   ;
;          |alt_sld_fab:instrumentation_fabric|                                                                                           ; 121 (0)             ; 87 (0)                    ; 0           ; 0            ; 0       ; 0         ; 0    ; 0            ; |CPUv2|sld_hub:auto_hub|alt_sld_fab_with_jtag_input:\instrumentation_fabric_with_node_gen:fabric_gen_new_way:with_jtag_input_gen:instrumentation_fabric|alt_sld_fab:instrumentation_fabric                                                                                                                                                        ; alt_sld_fab                       ; alt_sld_fab  ;
;             |alt_sld_fab_alt_sld_fab:alt_sld_fab|                                                                                       ; 121 (1)             ; 87 (5)                    ; 0           ; 0            ; 0       ; 0         ; 0    ; 0            ; |CPUv2|sld_hub:auto_hub|alt_sld_fab_with_jtag_input:\instrumentation_fabric_with_node_gen:fabric_gen_new_way:with_jtag_input_gen:instrumentation_fabric|alt_sld_fab:instrumentation_fabric|alt_sld_fab_alt_sld_fab:alt_sld_fab                                                                                                                    ; alt_sld_fab_alt_sld_fab           ; alt_sld_fab  ;
;                |alt_sld_fab_alt_sld_fab_sldfabric:sldfabric|                                                                            ; 120 (0)             ; 82 (0)                    ; 0           ; 0            ; 0       ; 0         ; 0    ; 0            ; |CPUv2|sld_hub:auto_hub|alt_sld_fab_with_jtag_input:\instrumentation_fabric_with_node_gen:fabric_gen_new_way:with_jtag_input_gen:instrumentation_fabric|alt_sld_fab:instrumentation_fabric|alt_sld_fab_alt_sld_fab:alt_sld_fab|alt_sld_fab_alt_sld_fab_sldfabric:sldfabric                                                                        ; alt_sld_fab_alt_sld_fab_sldfabric ; alt_sld_fab  ;
;                   |sld_jtag_hub:\jtag_hub_gen:real_sld_jtag_hub|                                                                        ; 120 (84)            ; 82 (54)                   ; 0           ; 0            ; 0       ; 0         ; 0    ; 0            ; |CPUv2|sld_hub:auto_hub|alt_sld_fab_with_jtag_input:\instrumentation_fabric_with_node_gen:fabric_gen_new_way:with_jtag_input_gen:instrumentation_fabric|alt_sld_fab:instrumentation_fabric|alt_sld_fab_alt_sld_fab:alt_sld_fab|alt_sld_fab_alt_sld_fab_sldfabric:sldfabric|sld_jtag_hub:\jtag_hub_gen:real_sld_jtag_hub                           ; sld_jtag_hub                      ; work         ;
;                      |sld_rom_sr:hub_info_reg|                                                                                          ; 18 (18)             ; 9 (9)                     ; 0           ; 0            ; 0       ; 0         ; 0    ; 0            ; |CPUv2|sld_hub:auto_hub|alt_sld_fab_with_jtag_input:\instrumentation_fabric_with_node_gen:fabric_gen_new_way:with_jtag_input_gen:instrumentation_fabric|alt_sld_fab:instrumentation_fabric|alt_sld_fab_alt_sld_fab:alt_sld_fab|alt_sld_fab_alt_sld_fab_sldfabric:sldfabric|sld_jtag_hub:\jtag_hub_gen:real_sld_jtag_hub|sld_rom_sr:hub_info_reg   ; sld_rom_sr                        ; work         ;
;                      |sld_shadow_jsm:shadow_jsm|                                                                                        ; 18 (18)             ; 19 (19)                   ; 0           ; 0            ; 0       ; 0         ; 0    ; 0            ; |CPUv2|sld_hub:auto_hub|alt_sld_fab_with_jtag_input:\instrumentation_fabric_with_node_gen:fabric_gen_new_way:with_jtag_input_gen:instrumentation_fabric|alt_sld_fab:instrumentation_fabric|alt_sld_fab_alt_sld_fab:alt_sld_fab|alt_sld_fab_alt_sld_fab_sldfabric:sldfabric|sld_jtag_hub:\jtag_hub_gen:real_sld_jtag_hub|sld_shadow_jsm:shadow_jsm ; sld_shadow_jsm                    ; altera_sld   ;
+-----------------------------------------------------------------------------------------------------------------------------------------+---------------------+---------------------------+-------------+--------------+---------+-----------+------+--------------+---------------------------------------------------------------------------------------------------------------------------------------------------------------------------------------------------------------------------------------------------------------------------------------------------------------------------------------------------+-----------------------------------+--------------+
Note: For table entries with two numbers listed, the numbers in parentheses indicate the number of resources of the given type used by the specific entity alone. The numbers listed outside of parentheses indicate the total resources of the given type used by the specific entity and all of its sub-entities in the hierarchy.


+-----------------------------------------------------------------------------------------------------------------------------------------------------------------------------------------------------------------------------------------------------+
; Analysis & Synthesis RAM Summary                                                                                                                                                                                                                    ;
+---------------------------------------------------------------------------------------------------------------------------------------------+------+----------------+--------------+--------------+--------------+--------------+--------+----------+
; Name                                                                                                                                        ; Type ; Mode           ; Port A Depth ; Port A Width ; Port B Depth ; Port B Width ; Size   ; MIF      ;
+---------------------------------------------------------------------------------------------------------------------------------------------+------+----------------+--------------+--------------+--------------+--------------+--------+----------+
; if_id:inst_if_id|AddrMem:inst_AddrMem|altsyncram:altsyncram_component|altsyncram_omd1:auto_generated|altsyncram_4bf2:altsyncram1|ALTSYNCRAM ; M9K  ; True Dual Port ; 4096         ; 32           ; 4096         ; 32           ; 131072 ; test.mif ;
+---------------------------------------------------------------------------------------------------------------------------------------------+------+----------------+--------------+--------------+--------------+--------------+--------+----------+


+--------------------------------------------------------------------------------------------------------------------------------------------------------------------------------------------------------------------------------------------------------------------------------------------------------------------------------------------------------------+
; Analysis & Synthesis IP Cores Summary                                                                                                                                                                                                                                                                                                                        ;
+--------+--------------+---------+--------------+--------------+----------------------------------------------------------------------------------------------------------------------------------------------------------------------------------------------------------------------------------------------------------------------------+-----------------+
; Vendor ; IP Core Name ; Version ; Release Date ; License Type ; Entity Instance                                                                                                                                                                                                                                                            ; IP Include File ;
+--------+--------------+---------+--------------+--------------+----------------------------------------------------------------------------------------------------------------------------------------------------------------------------------------------------------------------------------------------------------------------------+-----------------+
; Altera ; Signal Tap   ; N/A     ; N/A          ; Licensed     ; |CPUv2|sld_hub:auto_hub|alt_sld_fab_with_jtag_input:\instrumentation_fabric_with_node_gen:fabric_gen_new_way:with_jtag_input_gen:instrumentation_fabric|alt_sld_fab:instrumentation_fabric                                                                                 ;                 ;
; Altera ; Signal Tap   ; N/A     ; N/A          ; Licensed     ; |CPUv2|sld_hub:auto_hub|alt_sld_fab_with_jtag_input:\instrumentation_fabric_with_node_gen:fabric_gen_new_way:with_jtag_input_gen:instrumentation_fabric|alt_sld_fab:instrumentation_fabric|alt_sld_fab_alt_sld_fab:alt_sld_fab                                             ;                 ;
; Altera ; Signal Tap   ; N/A     ; N/A          ; Licensed     ; |CPUv2|sld_hub:auto_hub|alt_sld_fab_with_jtag_input:\instrumentation_fabric_with_node_gen:fabric_gen_new_way:with_jtag_input_gen:instrumentation_fabric|alt_sld_fab:instrumentation_fabric|alt_sld_fab_alt_sld_fab:alt_sld_fab|alt_sld_fab_alt_sld_fab_presplit:presplit   ;                 ;
; Altera ; Signal Tap   ; N/A     ; N/A          ; Licensed     ; |CPUv2|sld_hub:auto_hub|alt_sld_fab_with_jtag_input:\instrumentation_fabric_with_node_gen:fabric_gen_new_way:with_jtag_input_gen:instrumentation_fabric|alt_sld_fab:instrumentation_fabric|alt_sld_fab_alt_sld_fab:alt_sld_fab|alt_sld_fab_alt_sld_fab_sldfabric:sldfabric ;                 ;
; Altera ; Signal Tap   ; N/A     ; N/A          ; Licensed     ; |CPUv2|sld_hub:auto_hub|alt_sld_fab_with_jtag_input:\instrumentation_fabric_with_node_gen:fabric_gen_new_way:with_jtag_input_gen:instrumentation_fabric|alt_sld_fab:instrumentation_fabric|alt_sld_fab_alt_sld_fab:alt_sld_fab|alt_sld_fab_alt_sld_fab_splitter:splitter   ;                 ;
+--------+--------------+---------+--------------+--------------+----------------------------------------------------------------------------------------------------------------------------------------------------------------------------------------------------------------------------------------------------------------------------+-----------------+


+------------------------------------------------------+
; General Register Statistics                          ;
+----------------------------------------------+-------+
; Statistic                                    ; Value ;
+----------------------------------------------+-------+
; Total registers                              ; 187   ;
; Number of registers using Synchronous Clear  ; 17    ;
; Number of registers using Synchronous Load   ; 22    ;
; Number of registers using Asynchronous Clear ; 93    ;
; Number of registers using Asynchronous Load  ; 0     ;
; Number of registers using Clock Enable       ; 120   ;
; Number of registers using Preset             ; 0     ;
+----------------------------------------------+-------+


+-------------------------------------------------------------------------------------------------------------------------------------------------------------------------------------------------------------------------------------------------------------------------------------------------------------------------------------------+
; Inverted Register Statistics                                                                                                                                                                                                                                                                                                              ;
+---------------------------------------------------------------------------------------------------------------------------------------------------------------------------------------------------------------------------------------------------------------------------------------------------------------------------------+---------+
; Inverted Register                                                                                                                                                                                                                                                                                                               ; Fan out ;
+---------------------------------------------------------------------------------------------------------------------------------------------------------------------------------------------------------------------------------------------------------------------------------------------------------------------------------+---------+
; sld_hub:auto_hub|alt_sld_fab_with_jtag_input:\instrumentation_fabric_with_node_gen:fabric_gen_new_way:with_jtag_input_gen:instrumentation_fabric|alt_sld_fab:instrumentation_fabric|alt_sld_fab_alt_sld_fab:alt_sld_fab|alt_sld_fab_alt_sld_fab_sldfabric:sldfabric|sld_jtag_hub:\jtag_hub_gen:real_sld_jtag_hub|jtag_ir_reg[2] ; 2       ;
; sld_hub:auto_hub|alt_sld_fab_with_jtag_input:\instrumentation_fabric_with_node_gen:fabric_gen_new_way:with_jtag_input_gen:instrumentation_fabric|alt_sld_fab:instrumentation_fabric|alt_sld_fab_alt_sld_fab:alt_sld_fab|alt_sld_fab_alt_sld_fab_sldfabric:sldfabric|sld_jtag_hub:\jtag_hub_gen:real_sld_jtag_hub|jtag_ir_reg[1] ; 3       ;
; Total number of inverted registers = 2                                                                                                                                                                                                                                                                                          ;         ;
+---------------------------------------------------------------------------------------------------------------------------------------------------------------------------------------------------------------------------------------------------------------------------------------------------------------------------------+---------+


+------------------------------------------------------------------------------------------------------------------------------------------------------------------------------------------------------------------------------------------------------------------------------------------------------------------------+
; Multiplexer Restructuring Statistics (Restructuring Performed)                                                                                                                                                                                                                                                         ;
+--------------------+-----------+---------------+----------------------+------------------------+------------+----------------------------------------------------------------------------------------------------------------------------------------------------------------------------------------------------------+
; Multiplexer Inputs ; Bus Width ; Baseline Area ; Area if Restructured ; Saving if Restructured ; Registered ; Example Multiplexer Output                                                                                                                                                                               ;
+--------------------+-----------+---------------+----------------------+------------------------+------------+----------------------------------------------------------------------------------------------------------------------------------------------------------------------------------------------------------+
; 3:1                ; 6 bits    ; 12 LEs        ; 6 LEs                ; 6 LEs                  ; Yes        ; |CPUv2|if_id:inst_if_id|AddrMem:inst_AddrMem|altsyncram:altsyncram_component|altsyncram_omd1:auto_generated|sld_mod_ram_rom:mgl_prim2|ram_rom_data_shift_cntr_reg[0]                                     ;
; 3:1                ; 32 bits   ; 64 LEs        ; 32 LEs               ; 32 LEs                 ; Yes        ; |CPUv2|if_id:inst_if_id|AddrMem:inst_AddrMem|altsyncram:altsyncram_component|altsyncram_omd1:auto_generated|sld_mod_ram_rom:mgl_prim2|ram_rom_data_reg[15]                                               ;
; 3:1                ; 12 bits   ; 24 LEs        ; 12 LEs               ; 12 LEs                 ; Yes        ; |CPUv2|if_id:inst_if_id|AddrMem:inst_AddrMem|altsyncram:altsyncram_component|altsyncram_omd1:auto_generated|sld_mod_ram_rom:mgl_prim2|ram_rom_addr_reg[8]                                                ;
; 4:1                ; 5 bits    ; 10 LEs        ; 5 LEs                ; 5 LEs                  ; Yes        ; |CPUv2|if_id:inst_if_id|AddrMem:inst_AddrMem|altsyncram:altsyncram_component|altsyncram_omd1:auto_generated|sld_mod_ram_rom:mgl_prim2|sld_rom_sr:\ram_rom_logic_gen:name_gen:info_rom_sr|word_counter[0] ;
; 26:1               ; 4 bits    ; 68 LEs        ; 48 LEs               ; 20 LEs                 ; Yes        ; |CPUv2|if_id:inst_if_id|AddrMem:inst_AddrMem|altsyncram:altsyncram_component|altsyncram_omd1:auto_generated|sld_mod_ram_rom:mgl_prim2|sld_rom_sr:\ram_rom_logic_gen:name_gen:info_rom_sr|WORD_SR[0]      ;
+--------------------+-----------+---------------+----------------------+------------------------+------------+----------------------------------------------------------------------------------------------------------------------------------------------------------------------------------------------------------+


+---------------------------------------------------------------------------------------------------------------------------------------------------------+
; Source assignments for if_id:inst_if_id|AddrMem:inst_AddrMem|altsyncram:altsyncram_component|altsyncram_omd1:auto_generated|altsyncram_4bf2:altsyncram1 ;
+---------------------------------+--------------------+------+-------------------------------------------------------------------------------------------+
; Assignment                      ; Value              ; From ; To                                                                                        ;
+---------------------------------+--------------------+------+-------------------------------------------------------------------------------------------+
; OPTIMIZE_POWER_DURING_SYNTHESIS ; NORMAL_COMPILATION ; -    ; -                                                                                         ;
+---------------------------------+--------------------+------+-------------------------------------------------------------------------------------------+


+--------------------------------------------------------------------------------------------------------------------+
; Parameter Settings for User Entity Instance: if_id:inst_if_id|AddrMem:inst_AddrMem|altsyncram:altsyncram_component ;
+------------------------------------+----------------------+--------------------------------------------------------+
; Parameter Name                     ; Value                ; Type                                                   ;
+------------------------------------+----------------------+--------------------------------------------------------+
; BYTE_SIZE_BLOCK                    ; 8                    ; Untyped                                                ;
; AUTO_CARRY_CHAINS                  ; ON                   ; AUTO_CARRY                                             ;
; IGNORE_CARRY_BUFFERS               ; OFF                  ; IGNORE_CARRY                                           ;
; AUTO_CASCADE_CHAINS                ; ON                   ; AUTO_CASCADE                                           ;
; IGNORE_CASCADE_BUFFERS             ; OFF                  ; IGNORE_CASCADE                                         ;
; WIDTH_BYTEENA                      ; 1                    ; Untyped                                                ;
; OPERATION_MODE                     ; ROM                  ; Untyped                                                ;
; WIDTH_A                            ; 32                   ; Signed Integer                                         ;
; WIDTHAD_A                          ; 12                   ; Signed Integer                                         ;
; NUMWORDS_A                         ; 4096                 ; Signed Integer                                         ;
; OUTDATA_REG_A                      ; UNREGISTERED         ; Untyped                                                ;
; ADDRESS_ACLR_A                     ; NONE                 ; Untyped                                                ;
; OUTDATA_ACLR_A                     ; NONE                 ; Untyped                                                ;
; WRCONTROL_ACLR_A                   ; NONE                 ; Untyped                                                ;
; INDATA_ACLR_A                      ; NONE                 ; Untyped                                                ;
; BYTEENA_ACLR_A                     ; NONE                 ; Untyped                                                ;
; WIDTH_B                            ; 1                    ; Untyped                                                ;
; WIDTHAD_B                          ; 1                    ; Untyped                                                ;
; NUMWORDS_B                         ; 1                    ; Untyped                                                ;
; INDATA_REG_B                       ; CLOCK1               ; Untyped                                                ;
; WRCONTROL_WRADDRESS_REG_B          ; CLOCK1               ; Untyped                                                ;
; RDCONTROL_REG_B                    ; CLOCK1               ; Untyped                                                ;
; ADDRESS_REG_B                      ; CLOCK1               ; Untyped                                                ;
; OUTDATA_REG_B                      ; UNREGISTERED         ; Untyped                                                ;
; BYTEENA_REG_B                      ; CLOCK1               ; Untyped                                                ;
; INDATA_ACLR_B                      ; NONE                 ; Untyped                                                ;
; WRCONTROL_ACLR_B                   ; NONE                 ; Untyped                                                ;
; ADDRESS_ACLR_B                     ; NONE                 ; Untyped                                                ;
; OUTDATA_ACLR_B                     ; NONE                 ; Untyped                                                ;
; RDCONTROL_ACLR_B                   ; NONE                 ; Untyped                                                ;
; BYTEENA_ACLR_B                     ; NONE                 ; Untyped                                                ;
; WIDTH_BYTEENA_A                    ; 1                    ; Signed Integer                                         ;
; WIDTH_BYTEENA_B                    ; 1                    ; Untyped                                                ;
; RAM_BLOCK_TYPE                     ; M9K                  ; Untyped                                                ;
; BYTE_SIZE                          ; 8                    ; Untyped                                                ;
; READ_DURING_WRITE_MODE_MIXED_PORTS ; DONT_CARE            ; Untyped                                                ;
; READ_DURING_WRITE_MODE_PORT_A      ; NEW_DATA_NO_NBE_READ ; Untyped                                                ;
; READ_DURING_WRITE_MODE_PORT_B      ; NEW_DATA_NO_NBE_READ ; Untyped                                                ;
; INIT_FILE                          ; test.mif             ; Untyped                                                ;
; INIT_FILE_LAYOUT                   ; PORT_A               ; Untyped                                                ;
; MAXIMUM_DEPTH                      ; 0                    ; Untyped                                                ;
; CLOCK_ENABLE_INPUT_A               ; BYPASS               ; Untyped                                                ;
; CLOCK_ENABLE_INPUT_B               ; NORMAL               ; Untyped                                                ;
; CLOCK_ENABLE_OUTPUT_A              ; BYPASS               ; Untyped                                                ;
; CLOCK_ENABLE_OUTPUT_B              ; NORMAL               ; Untyped                                                ;
; CLOCK_ENABLE_CORE_A                ; USE_INPUT_CLKEN      ; Untyped                                                ;
; CLOCK_ENABLE_CORE_B                ; USE_INPUT_CLKEN      ; Untyped                                                ;
; ENABLE_ECC                         ; FALSE                ; Untyped                                                ;
; ECC_PIPELINE_STAGE_ENABLED         ; FALSE                ; Untyped                                                ;
; WIDTH_ECCSTATUS                    ; 3                    ; Untyped                                                ;
; DEVICE_FAMILY                      ; Cyclone IV E         ; Untyped                                                ;
; CBXI_PARAMETER                     ; altsyncram_omd1      ; Untyped                                                ;
+------------------------------------+----------------------+--------------------------------------------------------+
Note: In order to hide this table in the UI and the text report file, please set the "Show Parameter Settings in Synthesis Report" option in "Analysis and Synthesis Settings -> More Settings" to "Off".


+-------------------------------------------------------------------------------------------------------------------+
; altsyncram Parameter Settings by Entity Instance                                                                  ;
+-------------------------------------------+-----------------------------------------------------------------------+
; Name                                      ; Value                                                                 ;
+-------------------------------------------+-----------------------------------------------------------------------+
; Number of entity instances                ; 1                                                                     ;
; Entity Instance                           ; if_id:inst_if_id|AddrMem:inst_AddrMem|altsyncram:altsyncram_component ;
;     -- OPERATION_MODE                     ; ROM                                                                   ;
;     -- WIDTH_A                            ; 32                                                                    ;
;     -- NUMWORDS_A                         ; 4096                                                                  ;
;     -- OUTDATA_REG_A                      ; UNREGISTERED                                                          ;
;     -- WIDTH_B                            ; 1                                                                     ;
;     -- NUMWORDS_B                         ; 1                                                                     ;
;     -- ADDRESS_REG_B                      ; CLOCK1                                                                ;
;     -- OUTDATA_REG_B                      ; UNREGISTERED                                                          ;
;     -- RAM_BLOCK_TYPE                     ; M9K                                                                   ;
;     -- READ_DURING_WRITE_MODE_MIXED_PORTS ; DONT_CARE                                                             ;
+-------------------------------------------+-----------------------------------------------------------------------+


+------------------------------------------------------------------------------------------------------------------------------------------------------------------------------------------------------------------+
; Port Connectivity Checks: "if_id:inst_if_id|AddrMem:inst_AddrMem"                                                                                                                                                ;
+---------+-------+----------+-------------------------------------------------------------------------------------------------------------------------------------------------------------------------------------+
; Port    ; Type  ; Severity ; Details                                                                                                                                                                             ;
+---------+-------+----------+-------------------------------------------------------------------------------------------------------------------------------------------------------------------------------------+
; address ; Input ; Warning  ; Input port expression (32 bits) is wider than the input port (12 bits) it drives.  The 20 most-significant bit(s) in the expression will be dangling if they have no other fanouts. ;
+---------+-------+----------+-------------------------------------------------------------------------------------------------------------------------------------------------------------------------------------+


+------------------------------------------------------------------------------------------------------------------------------------------------------------------+
; In-System Memory Content Editor Settings                                                                                                                         ;
+----------------+-------------+-------+-------+------------+------------------------------------------------------------------------------------------------------+
; Instance Index ; Instance ID ; Width ; Depth ; Mode       ; Hierarchy Location                                                                                   ;
+----------------+-------------+-------+-------+------------+------------------------------------------------------------------------------------------------------+
; 0              ; ROM         ; 32    ; 4096  ; Read/Write ; if_id:inst_if_id|AddrMem:inst_AddrMem|altsyncram:altsyncram_component|altsyncram_omd1:auto_generated ;
+----------------+-------------+-------+-------+------------+------------------------------------------------------------------------------------------------------+


+-----------------------------------------------------+
; Post-Synthesis Netlist Statistics for Top Partition ;
+-----------------------+-----------------------------+
; Type                  ; Count                       ;
+-----------------------+-----------------------------+
; boundary_port         ; 125                         ;
; cycloneiii_ff         ; 100                         ;
;     CLR               ; 40                          ;
;     ENA               ; 36                          ;
;     ENA CLR           ; 7                           ;
;     ENA CLR SLD       ; 12                          ;
;     ENA SCLR          ; 5                           ;
; cycloneiii_lcell_comb ; 150                         ;
;     arith             ; 48                          ;
;         2 data inputs ; 47                          ;
;         3 data inputs ; 1                           ;
;     normal            ; 102                         ;
;         1 data inputs ; 5                           ;
;         2 data inputs ; 5                           ;
;         3 data inputs ; 42                          ;
;         4 data inputs ; 50                          ;
; cycloneiii_ram_block  ; 32                          ;
;                       ;                             ;
; Max LUT depth         ; 4.00                        ;
; Average LUT depth     ; 2.43                        ;
+-----------------------+-----------------------------+


+-------------------------------+
; Elapsed Time Per Partition    ;
+----------------+--------------+
; Partition Name ; Elapsed Time ;
+----------------+--------------+
; Top            ; 00:00:01     ;
+----------------+--------------+


+-------------------------------+
; Analysis & Synthesis Messages ;
+-------------------------------+
Info: *******************************************************************
Info: Running Quartus Prime Analysis & Synthesis
    Info: Version 18.1.0 Build 625 09/12/2018 SJ Lite Edition
    Info: Processing started: Thu Jun 04 17:59:44 2020
Info: Command: quartus_map --read_settings_files=on --write_settings_files=off CPUv2 -c CPUv2
Warning (18236): Number of processors has not been specified which may cause overloading on shared machines.  Set the global assignment NUM_PARALLEL_PROCESSORS in your QSF to an appropriate value for best performance.
Info (20032): Parallel compilation is enabled and will use up to 2 processors
Info (12021): Found 1 design units, including 1 entities, in source file files/if_id.v
    Info (12023): Found entity 1: if_id File: E:/Coding/CPU/MIPS32v2/files/if_id.v Line: 1
Info (12021): Found 1 design units, including 1 entities, in source file files/addrmem.v
    Info (12023): Found entity 1: AddrMem File: E:/Coding/CPU/MIPS32v2/files/AddrMem.v Line: 39
Warning (12125): Using design file cpuv2.v, which is not specified as a design file for the current project, but contains definitions for 1 design units and 1 entities in project
    Info (12023): Found entity 1: CPUv2 File: E:/Coding/CPU/MIPS32v2/cpuv2.v Line: 1
Info (12127): Elaborating entity "CPUv2" for the top level hierarchy
Info (12128): Elaborating entity "if_id" for hierarchy "if_id:inst_if_id" File: E:/Coding/CPU/MIPS32v2/cpuv2.v Line: 18
Info (12128): Elaborating entity "AddrMem" for hierarchy "if_id:inst_if_id|AddrMem:inst_AddrMem" File: E:/Coding/CPU/MIPS32v2/files/if_id.v Line: 52
Info (12128): Elaborating entity "altsyncram" for hierarchy "if_id:inst_if_id|AddrMem:inst_AddrMem|altsyncram:altsyncram_component" File: E:/Coding/CPU/MIPS32v2/files/AddrMem.v Line: 81
Info (12130): Elaborated megafunction instantiation "if_id:inst_if_id|AddrMem:inst_AddrMem|altsyncram:altsyncram_component" File: E:/Coding/CPU/MIPS32v2/files/AddrMem.v Line: 81
Info (12133): Instantiated megafunction "if_id:inst_if_id|AddrMem:inst_AddrMem|altsyncram:altsyncram_component" with the following parameter: File: E:/Coding/CPU/MIPS32v2/files/AddrMem.v Line: 81
    Info (12134): Parameter "address_aclr_a" = "NONE"
    Info (12134): Parameter "clock_enable_input_a" = "BYPASS"
    Info (12134): Parameter "clock_enable_output_a" = "BYPASS"
    Info (12134): Parameter "init_file" = "test.mif"
    Info (12134): Parameter "intended_device_family" = "Cyclone IV E"
    Info (12134): Parameter "lpm_hint" = "ENABLE_RUNTIME_MOD=YES,INSTANCE_NAME=ROM"
    Info (12134): Parameter "lpm_type" = "altsyncram"
    Info (12134): Parameter "numwords_a" = "4096"
    Info (12134): Parameter "operation_mode" = "ROM"
    Info (12134): Parameter "outdata_aclr_a" = "NONE"
    Info (12134): Parameter "outdata_reg_a" = "UNREGISTERED"
    Info (12134): Parameter "ram_block_type" = "M9K"
    Info (12134): Parameter "widthad_a" = "12"
    Info (12134): Parameter "width_a" = "32"
    Info (12134): Parameter "width_byteena_a" = "1"
Info (12021): Found 1 design units, including 1 entities, in source file db/altsyncram_omd1.tdf
    Info (12023): Found entity 1: altsyncram_omd1 File: E:/Coding/CPU/MIPS32v2/db/altsyncram_omd1.tdf Line: 27
Info (12128): Elaborating entity "altsyncram_omd1" for hierarchy "if_id:inst_if_id|AddrMem:inst_AddrMem|altsyncram:altsyncram_component|altsyncram_omd1:auto_generated" File: f:/intelfpga_lite/18.1/quartus/libraries/megafunctions/altsyncram.tdf Line: 791
Info (12021): Found 1 design units, including 1 entities, in source file db/altsyncram_4bf2.tdf
    Info (12023): Found entity 1: altsyncram_4bf2 File: E:/Coding/CPU/MIPS32v2/db/altsyncram_4bf2.tdf Line: 27
Info (12128): Elaborating entity "altsyncram_4bf2" for hierarchy "if_id:inst_if_id|AddrMem:inst_AddrMem|altsyncram:altsyncram_component|altsyncram_omd1:auto_generated|altsyncram_4bf2:altsyncram1" File: E:/Coding/CPU/MIPS32v2/db/altsyncram_omd1.tdf Line: 34
Info (12128): Elaborating entity "sld_mod_ram_rom" for hierarchy "if_id:inst_if_id|AddrMem:inst_AddrMem|altsyncram:altsyncram_component|altsyncram_omd1:auto_generated|sld_mod_ram_rom:mgl_prim2" File: E:/Coding/CPU/MIPS32v2/db/altsyncram_omd1.tdf Line: 35
Info (12130): Elaborated megafunction instantiation "if_id:inst_if_id|AddrMem:inst_AddrMem|altsyncram:altsyncram_component|altsyncram_omd1:auto_generated|sld_mod_ram_rom:mgl_prim2" File: E:/Coding/CPU/MIPS32v2/db/altsyncram_omd1.tdf Line: 35
Info (12133): Instantiated megafunction "if_id:inst_if_id|AddrMem:inst_AddrMem|altsyncram:altsyncram_component|altsyncram_omd1:auto_generated|sld_mod_ram_rom:mgl_prim2" with the following parameter: File: E:/Coding/CPU/MIPS32v2/db/altsyncram_omd1.tdf Line: 35
    Info (12134): Parameter "CVALUE" = "00000000000000000000000000000000"
    Info (12134): Parameter "IS_DATA_IN_RAM" = "1"
    Info (12134): Parameter "IS_READABLE" = "1"
    Info (12134): Parameter "NODE_NAME" = "1380928768"
    Info (12134): Parameter "NUMWORDS" = "4096"
    Info (12134): Parameter "SHIFT_COUNT_BITS" = "6"
    Info (12134): Parameter "WIDTH_WORD" = "32"
    Info (12134): Parameter "WIDTHAD" = "12"
Info (12128): Elaborating entity "sld_jtag_endpoint_adapter" for hierarchy "if_id:inst_if_id|AddrMem:inst_AddrMem|altsyncram:altsyncram_component|altsyncram_omd1:auto_generated|sld_mod_ram_rom:mgl_prim2|sld_jtag_endpoint_adapter:jtag_signal_adapter" File: f:/intelfpga_lite/18.1/quartus/libraries/megafunctions/sld_mod_ram_rom.vhd Line: 302
Info (12128): Elaborating entity "sld_jtag_endpoint_adapter_impl" for hierarchy "if_id:inst_if_id|AddrMem:inst_AddrMem|altsyncram:altsyncram_component|altsyncram_omd1:auto_generated|sld_mod_ram_rom:mgl_prim2|sld_jtag_endpoint_adapter:jtag_signal_adapter|sld_jtag_endpoint_adapter_impl:sld_jtag_endpoint_adapter_impl_inst" File: f:/intelfpga_lite/18.1/quartus/libraries/megafunctions/sld_jtag_endpoint_adapter.vhd Line: 232
Info (12128): Elaborating entity "sld_rom_sr" for hierarchy "if_id:inst_if_id|AddrMem:inst_AddrMem|altsyncram:altsyncram_component|altsyncram_omd1:auto_generated|sld_mod_ram_rom:mgl_prim2|sld_rom_sr:\ram_rom_logic_gen:name_gen:info_rom_sr" File: f:/intelfpga_lite/18.1/quartus/libraries/megafunctions/sld_mod_ram_rom.vhd Line: 828
Info (11170): Starting IP generation for the debug fabric: alt_sld_fab.
Info (11172): 2020.06.04.18:00:14 Progress: Loading sld5b00757e/alt_sld_fab_wrapper_hw.tcl
Info (11172): Alt_sld_fab.alt_sld_fab: SLD fabric agents which did not specify prefer_host were connected to JTAG
Info (11172): Alt_sld_fab: Generating alt_sld_fab "alt_sld_fab" for QUARTUS_SYNTH
Info (11172): Alt_sld_fab: "alt_sld_fab" instantiated alt_sld_fab "alt_sld_fab"
Info (11172): Presplit: "alt_sld_fab" instantiated altera_super_splitter "presplit"
Info (11172): Splitter: "alt_sld_fab" instantiated altera_sld_splitter "splitter"
Info (11172): Sldfabric: "alt_sld_fab" instantiated altera_sld_jtag_hub "sldfabric"
Info (11172): Ident: "alt_sld_fab" instantiated altera_connection_identification_hub "ident"
Info (11172): Alt_sld_fab: Done "alt_sld_fab" with 6 modules, 6 files
Info (11171): Finished IP generation for the debug fabric: alt_sld_fab.
Info (12021): Found 1 design units, including 1 entities, in source file db/ip/sld5b00757e/alt_sld_fab.v
    Info (12023): Found entity 1: alt_sld_fab File: E:/Coding/CPU/MIPS32v2/db/ip/sld5b00757e/alt_sld_fab.v Line: 9
Info (12021): Found 1 design units, including 1 entities, in source file db/ip/sld5b00757e/submodules/alt_sld_fab_alt_sld_fab.v
    Info (12023): Found entity 1: alt_sld_fab_alt_sld_fab File: E:/Coding/CPU/MIPS32v2/db/ip/sld5b00757e/submodules/alt_sld_fab_alt_sld_fab.v Line: 9
Info (12021): Found 1 design units, including 1 entities, in source file db/ip/sld5b00757e/submodules/alt_sld_fab_alt_sld_fab_ident.sv
    Info (12023): Found entity 1: alt_sld_fab_alt_sld_fab_ident File: E:/Coding/CPU/MIPS32v2/db/ip/sld5b00757e/submodules/alt_sld_fab_alt_sld_fab_ident.sv Line: 33
Info (12021): Found 1 design units, including 1 entities, in source file db/ip/sld5b00757e/submodules/alt_sld_fab_alt_sld_fab_presplit.sv
    Info (12023): Found entity 1: alt_sld_fab_alt_sld_fab_presplit File: E:/Coding/CPU/MIPS32v2/db/ip/sld5b00757e/submodules/alt_sld_fab_alt_sld_fab_presplit.sv Line: 3
Info (12021): Found 2 design units, including 1 entities, in source file db/ip/sld5b00757e/submodules/alt_sld_fab_alt_sld_fab_sldfabric.vhd
    Info (12022): Found design unit 1: alt_sld_fab_alt_sld_fab_sldfabric-rtl File: E:/Coding/CPU/MIPS32v2/db/ip/sld5b00757e/submodules/alt_sld_fab_alt_sld_fab_sldfabric.vhd Line: 102
    Info (12023): Found entity 1: alt_sld_fab_alt_sld_fab_sldfabric File: E:/Coding/CPU/MIPS32v2/db/ip/sld5b00757e/submodules/alt_sld_fab_alt_sld_fab_sldfabric.vhd Line: 11
Info (12021): Found 1 design units, including 1 entities, in source file db/ip/sld5b00757e/submodules/alt_sld_fab_alt_sld_fab_splitter.sv
    Info (12023): Found entity 1: alt_sld_fab_alt_sld_fab_splitter File: E:/Coding/CPU/MIPS32v2/db/ip/sld5b00757e/submodules/alt_sld_fab_alt_sld_fab_splitter.sv Line: 3
Warning (12241): 1 hierarchies have connectivity warnings - see the Connectivity Checks report folder
Info (286031): Timing-Driven Synthesis is running on partition "Top"
Info (16010): Generating hard_block partition "hard_block:auto_generated_inst"
    Info (16011): Adding 0 node(s), including 0 DDIO, 0 PLL, 0 transceiver and 0 LCELL
Critical Warning (15725): clock port is fed by virtual pin "clk[0]~input"; timing analysis treats input to the clock port as a ripple clock
Info (15717): Design contains 98 virtual pins; timing numbers associated with paths containing virtual pins are estimates
    Info (15719): Pin "id_pc_test[0]" is virtual output pin File: E:/Coding/CPU/MIPS32v2/cpuv2.v Line: 6
    Info (15719): Pin "id_pc_test[1]" is virtual output pin File: E:/Coding/CPU/MIPS32v2/cpuv2.v Line: 6
    Info (15719): Pin "id_pc_test[2]" is virtual output pin File: E:/Coding/CPU/MIPS32v2/cpuv2.v Line: 6
    Info (15719): Pin "id_pc_test[3]" is virtual output pin File: E:/Coding/CPU/MIPS32v2/cpuv2.v Line: 6
    Info (15719): Pin "id_pc_test[4]" is virtual output pin File: E:/Coding/CPU/MIPS32v2/cpuv2.v Line: 6
    Info (15719): Pin "id_pc_test[5]" is virtual output pin File: E:/Coding/CPU/MIPS32v2/cpuv2.v Line: 6
    Info (15719): Pin "id_pc_test[6]" is virtual output pin File: E:/Coding/CPU/MIPS32v2/cpuv2.v Line: 6
    Info (15719): Pin "id_pc_test[7]" is virtual output pin File: E:/Coding/CPU/MIPS32v2/cpuv2.v Line: 6
    Info (15719): Pin "id_pc_test[8]" is virtual output pin File: E:/Coding/CPU/MIPS32v2/cpuv2.v Line: 6
    Info (15719): Pin "id_pc_test[9]" is virtual output pin File: E:/Coding/CPU/MIPS32v2/cpuv2.v Line: 6
    Info (15719): Pin "id_pc_test[10]" is virtual output pin File: E:/Coding/CPU/MIPS32v2/cpuv2.v Line: 6
    Info (15719): Pin "id_pc_test[11]" is virtual output pin File: E:/Coding/CPU/MIPS32v2/cpuv2.v Line: 6
    Info (15719): Pin "id_pc_test[12]" is virtual output pin File: E:/Coding/CPU/MIPS32v2/cpuv2.v Line: 6
    Info (15719): Pin "id_pc_test[13]" is virtual output pin File: E:/Coding/CPU/MIPS32v2/cpuv2.v Line: 6
    Info (15719): Pin "id_pc_test[14]" is virtual output pin File: E:/Coding/CPU/MIPS32v2/cpuv2.v Line: 6
    Info (15719): Pin "id_pc_test[15]" is virtual output pin File: E:/Coding/CPU/MIPS32v2/cpuv2.v Line: 6
    Info (15719): Pin "id_pc_test[16]" is virtual output pin File: E:/Coding/CPU/MIPS32v2/cpuv2.v Line: 6
    Info (15719): Pin "id_pc_test[17]" is virtual output pin File: E:/Coding/CPU/MIPS32v2/cpuv2.v Line: 6
    Info (15719): Pin "id_pc_test[18]" is virtual output pin File: E:/Coding/CPU/MIPS32v2/cpuv2.v Line: 6
    Info (15719): Pin "id_pc_test[19]" is virtual output pin File: E:/Coding/CPU/MIPS32v2/cpuv2.v Line: 6
    Info (15719): Pin "id_pc_test[20]" is virtual output pin File: E:/Coding/CPU/MIPS32v2/cpuv2.v Line: 6
    Info (15719): Pin "id_pc_test[21]" is virtual output pin File: E:/Coding/CPU/MIPS32v2/cpuv2.v Line: 6
    Info (15719): Pin "id_pc_test[22]" is virtual output pin File: E:/Coding/CPU/MIPS32v2/cpuv2.v Line: 6
    Info (15719): Pin "id_pc_test[23]" is virtual output pin File: E:/Coding/CPU/MIPS32v2/cpuv2.v Line: 6
    Info (15719): Pin "id_pc_test[24]" is virtual output pin File: E:/Coding/CPU/MIPS32v2/cpuv2.v Line: 6
    Info (15719): Pin "id_pc_test[25]" is virtual output pin File: E:/Coding/CPU/MIPS32v2/cpuv2.v Line: 6
    Info (15719): Pin "id_pc_test[26]" is virtual output pin File: E:/Coding/CPU/MIPS32v2/cpuv2.v Line: 6
    Info (15719): Pin "id_pc_test[27]" is virtual output pin File: E:/Coding/CPU/MIPS32v2/cpuv2.v Line: 6
    Info (15719): Pin "id_pc_test[28]" is virtual output pin File: E:/Coding/CPU/MIPS32v2/cpuv2.v Line: 6
    Info (15719): Pin "id_pc_test[29]" is virtual output pin File: E:/Coding/CPU/MIPS32v2/cpuv2.v Line: 6
    Info (15719): Pin "id_pc_test[30]" is virtual output pin File: E:/Coding/CPU/MIPS32v2/cpuv2.v Line: 6
    Info (15719): Pin "id_pc_test[31]" is virtual output pin File: E:/Coding/CPU/MIPS32v2/cpuv2.v Line: 6
    Info (15719): Pin "id_inst_test[0]" is virtual output pin File: E:/Coding/CPU/MIPS32v2/cpuv2.v Line: 8
    Info (15719): Pin "id_inst_test[1]" is virtual output pin File: E:/Coding/CPU/MIPS32v2/cpuv2.v Line: 8
    Info (15719): Pin "id_inst_test[2]" is virtual output pin File: E:/Coding/CPU/MIPS32v2/cpuv2.v Line: 8
    Info (15719): Pin "id_inst_test[3]" is virtual output pin File: E:/Coding/CPU/MIPS32v2/cpuv2.v Line: 8
    Info (15719): Pin "id_inst_test[4]" is virtual output pin File: E:/Coding/CPU/MIPS32v2/cpuv2.v Line: 8
    Info (15719): Pin "id_inst_test[5]" is virtual output pin File: E:/Coding/CPU/MIPS32v2/cpuv2.v Line: 8
    Info (15719): Pin "id_inst_test[6]" is virtual output pin File: E:/Coding/CPU/MIPS32v2/cpuv2.v Line: 8
    Info (15719): Pin "id_inst_test[7]" is virtual output pin File: E:/Coding/CPU/MIPS32v2/cpuv2.v Line: 8
    Info (15719): Pin "id_inst_test[8]" is virtual output pin File: E:/Coding/CPU/MIPS32v2/cpuv2.v Line: 8
    Info (15719): Pin "id_inst_test[9]" is virtual output pin File: E:/Coding/CPU/MIPS32v2/cpuv2.v Line: 8
    Info (15719): Pin "id_inst_test[10]" is virtual output pin File: E:/Coding/CPU/MIPS32v2/cpuv2.v Line: 8
    Info (15719): Pin "id_inst_test[11]" is virtual output pin File: E:/Coding/CPU/MIPS32v2/cpuv2.v Line: 8
    Info (15719): Pin "id_inst_test[12]" is virtual output pin File: E:/Coding/CPU/MIPS32v2/cpuv2.v Line: 8
    Info (15719): Pin "id_inst_test[13]" is virtual output pin File: E:/Coding/CPU/MIPS32v2/cpuv2.v Line: 8
    Info (15719): Pin "id_inst_test[14]" is virtual output pin File: E:/Coding/CPU/MIPS32v2/cpuv2.v Line: 8
    Info (15719): Pin "id_inst_test[15]" is virtual output pin File: E:/Coding/CPU/MIPS32v2/cpuv2.v Line: 8
    Info (15719): Pin "id_inst_test[16]" is virtual output pin File: E:/Coding/CPU/MIPS32v2/cpuv2.v Line: 8
    Info (15719): Pin "id_inst_test[17]" is virtual output pin File: E:/Coding/CPU/MIPS32v2/cpuv2.v Line: 8
    Info (15719): Pin "id_inst_test[18]" is virtual output pin File: E:/Coding/CPU/MIPS32v2/cpuv2.v Line: 8
    Info (15719): Pin "id_inst_test[19]" is virtual output pin File: E:/Coding/CPU/MIPS32v2/cpuv2.v Line: 8
    Info (15719): Pin "id_inst_test[20]" is virtual output pin File: E:/Coding/CPU/MIPS32v2/cpuv2.v Line: 8
    Info (15719): Pin "id_inst_test[21]" is virtual output pin File: E:/Coding/CPU/MIPS32v2/cpuv2.v Line: 8
    Info (15719): Pin "id_inst_test[22]" is virtual output pin File: E:/Coding/CPU/MIPS32v2/cpuv2.v Line: 8
    Info (15719): Pin "id_inst_test[23]" is virtual output pin File: E:/Coding/CPU/MIPS32v2/cpuv2.v Line: 8
    Info (15719): Pin "id_inst_test[24]" is virtual output pin File: E:/Coding/CPU/MIPS32v2/cpuv2.v Line: 8
    Info (15719): Pin "id_inst_test[25]" is virtual output pin File: E:/Coding/CPU/MIPS32v2/cpuv2.v Line: 8
    Info (15719): Pin "id_inst_test[26]" is virtual output pin File: E:/Coding/CPU/MIPS32v2/cpuv2.v Line: 8
    Info (15719): Pin "id_inst_test[27]" is virtual output pin File: E:/Coding/CPU/MIPS32v2/cpuv2.v Line: 8
    Info (15719): Pin "id_inst_test[28]" is virtual output pin File: E:/Coding/CPU/MIPS32v2/cpuv2.v Line: 8
    Info (15719): Pin "id_inst_test[29]" is virtual output pin File: E:/Coding/CPU/MIPS32v2/cpuv2.v Line: 8
    Info (15719): Pin "id_inst_test[30]" is virtual output pin File: E:/Coding/CPU/MIPS32v2/cpuv2.v Line: 8
    Info (15719): Pin "id_inst_test[31]" is virtual output pin File: E:/Coding/CPU/MIPS32v2/cpuv2.v Line: 8
    Info (15718): Pin "if_pc_test[0]" is virtual input pin File: E:/Coding/CPU/MIPS32v2/cpuv2.v Line: 5
    Info (15718): Pin "clk[0]" is virtual input pin File: E:/Coding/CPU/MIPS32v2/cpuv2.v Line: 2
    Info (15718): Pin "rst[0]" is virtual input pin File: E:/Coding/CPU/MIPS32v2/cpuv2.v Line: 3
    Info (15718): Pin "if_pc_test[1]" is virtual input pin File: E:/Coding/CPU/MIPS32v2/cpuv2.v Line: 5
    Info (15718): Pin "if_pc_test[2]" is virtual input pin File: E:/Coding/CPU/MIPS32v2/cpuv2.v Line: 5
    Info (15718): Pin "if_pc_test[3]" is virtual input pin File: E:/Coding/CPU/MIPS32v2/cpuv2.v Line: 5
    Info (15718): Pin "if_pc_test[4]" is virtual input pin File: E:/Coding/CPU/MIPS32v2/cpuv2.v Line: 5
    Info (15718): Pin "if_pc_test[5]" is virtual input pin File: E:/Coding/CPU/MIPS32v2/cpuv2.v Line: 5
    Info (15718): Pin "if_pc_test[6]" is virtual input pin File: E:/Coding/CPU/MIPS32v2/cpuv2.v Line: 5
    Info (15718): Pin "if_pc_test[7]" is virtual input pin File: E:/Coding/CPU/MIPS32v2/cpuv2.v Line: 5
    Info (15718): Pin "if_pc_test[8]" is virtual input pin File: E:/Coding/CPU/MIPS32v2/cpuv2.v Line: 5
    Info (15718): Pin "if_pc_test[9]" is virtual input pin File: E:/Coding/CPU/MIPS32v2/cpuv2.v Line: 5
    Info (15718): Pin "if_pc_test[10]" is virtual input pin File: E:/Coding/CPU/MIPS32v2/cpuv2.v Line: 5
    Info (15718): Pin "if_pc_test[11]" is virtual input pin File: E:/Coding/CPU/MIPS32v2/cpuv2.v Line: 5
    Info (15718): Pin "if_pc_test[12]" is virtual input pin File: E:/Coding/CPU/MIPS32v2/cpuv2.v Line: 5
    Info (15718): Pin "if_pc_test[13]" is virtual input pin File: E:/Coding/CPU/MIPS32v2/cpuv2.v Line: 5
    Info (15718): Pin "if_pc_test[14]" is virtual input pin File: E:/Coding/CPU/MIPS32v2/cpuv2.v Line: 5
    Info (15718): Pin "if_pc_test[15]" is virtual input pin File: E:/Coding/CPU/MIPS32v2/cpuv2.v Line: 5
    Info (15718): Pin "if_pc_test[16]" is virtual input pin File: E:/Coding/CPU/MIPS32v2/cpuv2.v Line: 5
    Info (15718): Pin "if_pc_test[17]" is virtual input pin File: E:/Coding/CPU/MIPS32v2/cpuv2.v Line: 5
    Info (15718): Pin "if_pc_test[18]" is virtual input pin File: E:/Coding/CPU/MIPS32v2/cpuv2.v Line: 5
    Info (15718): Pin "if_pc_test[19]" is virtual input pin File: E:/Coding/CPU/MIPS32v2/cpuv2.v Line: 5
    Info (15718): Pin "if_pc_test[20]" is virtual input pin File: E:/Coding/CPU/MIPS32v2/cpuv2.v Line: 5
    Info (15718): Pin "if_pc_test[21]" is virtual input pin File: E:/Coding/CPU/MIPS32v2/cpuv2.v Line: 5
    Info (15718): Pin "if_pc_test[22]" is virtual input pin File: E:/Coding/CPU/MIPS32v2/cpuv2.v Line: 5
    Info (15718): Pin "if_pc_test[23]" is virtual input pin File: E:/Coding/CPU/MIPS32v2/cpuv2.v Line: 5
    Info (15718): Pin "if_pc_test[24]" is virtual input pin File: E:/Coding/CPU/MIPS32v2/cpuv2.v Line: 5
    Info (15718): Pin "if_pc_test[25]" is virtual input pin File: E:/Coding/CPU/MIPS32v2/cpuv2.v Line: 5
    Info (15718): Pin "if_pc_test[26]" is virtual input pin File: E:/Coding/CPU/MIPS32v2/cpuv2.v Line: 5
    Info (15718): Pin "if_pc_test[27]" is virtual input pin File: E:/Coding/CPU/MIPS32v2/cpuv2.v Line: 5
    Info (15718): Pin "if_pc_test[28]" is virtual input pin File: E:/Coding/CPU/MIPS32v2/cpuv2.v Line: 5
    Info (15718): Pin "if_pc_test[29]" is virtual input pin File: E:/Coding/CPU/MIPS32v2/cpuv2.v Line: 5
    Info (15718): Pin "if_pc_test[30]" is virtual input pin File: E:/Coding/CPU/MIPS32v2/cpuv2.v Line: 5
    Info (15718): Pin "if_pc_test[31]" is virtual input pin File: E:/Coding/CPU/MIPS32v2/cpuv2.v Line: 5
Info (21057): Implemented 475 device resources after synthesis - the final resource count might be different
    Info (21058): Implemented 3 input pins
    Info (21059): Implemented 1 output pins
    Info (21061): Implemented 438 logic cells
    Info (21064): Implemented 32 RAM segments
Info: Quartus Prime Analysis & Synthesis was successful. 0 errors, 4 warnings
    Info: Peak virtual memory: 4818 megabytes
    Info: Processing ended: Thu Jun 04 18:00:37 2020
    Info: Elapsed time: 00:00:53
    Info: Total CPU time (on all processors): 00:01:21


